<?xml version="1.0" encoding="UTF-8"?>
<robot generator="Robot 7.4.1 (Python 3.14.2 on darwin)" generated="2026-01-26T10:28:18.989300" rpa="false" schemaversion="5">
<suite id="s1" name="Fresh-Test" source="/Users/karyn.yulius/Documents/GitHub/Learning Robot Framework/fresh-test.robot">
<test id="s1-t1" name="Launch And Login Flow" line="11">
<kw name="Launch Setel App" type="SETUP">
<kw name="Create Dictionary" owner="BuiltIn">
<msg time="2026-01-26T10:28:22.157808" level="INFO">&amp;{bstack_options} = { projectName=Setel New Start | buildName=Fresh-Scratch-Build | appiumVersion=2.4.1 | interactiveDebugging=True }</msg>
<var>&amp;{bstack_options}</var>
<arg>projectName=Setel New Start</arg>
<arg>buildName=Fresh-Scratch-Build</arg>
<arg>appiumVersion=2.4.1</arg>
<arg>interactiveDebugging=${True}</arg>
<doc>Creates and returns a dictionary based on the given ``items``.</doc>
<status status="PASS" start="2026-01-26T10:28:22.156723" elapsed="0.001150"/>
</kw>
<kw name="Open Application" owner="AppiumLibrary">
<kw name="Capture Page Screenshot" owner="AppiumLibrary">
<msg time="2026-01-26T10:30:12.384427" level="FAIL">No application is open</msg>
<doc>Takes a screenshot of the current page and embeds it into the log.</doc>
<status status="FAIL" start="2026-01-26T10:30:12.381842" elapsed="0.360994">No application is open</status>
</kw>
<msg time="2026-01-26T10:30:12.745308" level="WARN">Keyword 'Capture Page Screenshot' could not be run on failure: No application is open</msg>
<msg time="2026-01-26T10:30:12.746257" level="INFO">/Users/karyn.yulius/Library/Python/3.14/lib/python/site-packages/appium/webdriver/appium_connection.py:65: UserWarning: Embedding username and password in URL could be insecure, use ClientConfig instead
  return {**super().get_remote_connection_headers(parsed_url, keep_alive=keep_alive), **cls.extra_headers}</msg>
<msg time="2026-01-26T10:30:12.746557" level="FAIL">ProtocolError: ('Connection broken: IncompleteRead(26 bytes read)', IncompleteRead(26 bytes read))</msg>
<arg>${REMOTE_URL}</arg>
<arg>automationName=UiAutomator2</arg>
<arg>platformName=Android</arg>
<arg>deviceName=Samsung Galaxy S23</arg>
<arg>platformVersion=13.0</arg>
<arg>app=${APP_ID}</arg>
<arg>appPackage=com.setel.mobile.staging2</arg>
<arg>appActivity=com.zapmobile.zap.splash.SplashActivity</arg>
<arg>autoGrantPermissions=true</arg>
<arg>newCommandTimeout=600</arg>
<arg>bstack:options=${bstack_options}</arg>
<doc>Opens a new application to the given Appium server.
Capabilities of appium server, Android and iOS,
Please check https://appium.io/docs/en/2.19/guides/caps/
| *Option*            | *Man.* | *Description*     |
| remote_url          | Yes    | Appium server url |
| alias               | No     | alias             |</doc>
<status status="FAIL" start="2026-01-26T10:28:22.158058" elapsed="110.595932">ProtocolError: ('Connection broken: IncompleteRead(26 bytes read)', IncompleteRead(26 bytes read))</status>
</kw>
<status status="FAIL" start="2026-01-26T10:28:22.155921" elapsed="110.598510">ProtocolError: ('Connection broken: IncompleteRead(26 bytes read)', IncompleteRead(26 bytes read))</status>
</kw>
<kw name="Close Application" owner="AppiumLibrary" type="TEARDOWN">
<kw name="Capture Page Screenshot" owner="AppiumLibrary">
<msg time="2026-01-26T10:30:12.755604" level="FAIL">No application is open</msg>
<doc>Takes a screenshot of the current page and embeds it into the log.</doc>
<status status="FAIL" start="2026-01-26T10:30:12.755317" elapsed="0.001625">No application is open</status>
</kw>
<msg time="2026-01-26T10:30:12.758576" level="WARN">Keyword 'Capture Page Screenshot' could not be run on failure: No application is open</msg>
<msg time="2026-01-26T10:30:12.758894" level="FAIL">No application is open</msg>
<doc>Closes the current application and the webdriver session.</doc>
<status status="FAIL" start="2026-01-26T10:30:12.755037" elapsed="0.004782">No application is open</status>
</kw>
<status status="FAIL" start="2026-01-26T10:28:22.154895" elapsed="110.605090">Setup failed:
ProtocolError: ('Connection broken: IncompleteRead(26 bytes read)', IncompleteRead(26 bytes read))

Also teardown failed:
No application is open</status>
</test>
<status status="FAIL" start="2026-01-26T10:28:18.993201" elapsed="113.768223"/>
</suite>
<statistics>
<total>
<stat pass="0" fail="1" skip="0">All Tests</stat>
</total>
<tag>
</tag>
<suite>
<stat name="Fresh-Test" id="s1" pass="0" fail="1" skip="0">Fresh-Test</stat>
</suite>
</statistics>
<errors>
<msg time="2026-01-26T10:30:12.745308" level="WARN">Keyword 'Capture Page Screenshot' could not be run on failure: No application is open</msg>
<msg time="2026-01-26T10:30:12.758576" level="WARN">Keyword 'Capture Page Screenshot' could not be run on failure: No application is open</msg>
</errors>
</robot>
